# JRE version: Java(TM) SE Runtime Environment (8.0_201-b09) (build 1.8.0_201-b09)
# Java VM: Java HotSpot(TM) 64-Bit Server VM (25.201-b09 mixed mode windows-amd64 compressed oops)
Heap:
 PSYoungGen      total 74240K, used 28191K [0x00000000d6100000, 0x00000000db400000, 0x0000000100000000)
  eden space 66560K, 31% used [0x00000000d6100000,0x00000000d754ffc8,0x00000000da200000)
  from space 7680K, 96% used [0x00000000da300000,0x00000000daa38000,0x00000000daa80000)
  to   space 9216K, 0% used [0x00000000dab00000,0x00000000dab00000,0x00000000db400000)
 ParOldGen       total 144896K, used 73450K [0x0000000082200000, 0x000000008af80000, 0x00000000d6100000)
  object space 144896K, 50% used [0x0000000082200000,0x00000000869babd8,0x000000008af80000)
 Metaspace       used 102776K, capacity 109228K, committed 109352K, reserved 1144832K
  class space    used 12002K, capacity 13077K, committed 13096K, reserved 1048576K
GC Heap History (10 events):
Event: 8656.022 GC heap before
{Heap before GC invocations=166 (full 21):
 PSYoungGen      total 79360K, used 79328K [0x00000000d6100000, 0x00000000dba00000, 0x0000000100000000)
  eden space 71680K, 100% used [0x00000000d6100000,0x00000000da700000,0x00000000da700000)
  from space 7680K, 99% used [0x00000000db280000,0x00000000db9f8010,0x00000000dba00000)
  to   space 9728K, 0% used [0x00000000da700000,0x00000000da700000,0x00000000db080000)
 ParOldGen       total 144896K, used 70938K [0x0000000082200000, 0x000000008af80000, 0x00000000d6100000)
  object space 144896K, 48% used [0x0000000082200000,0x0000000086746bc8,0x000000008af80000)
 Metaspace       used 102767K, capacity 109228K, committed 109352K, reserved 1144832K
  class space    used 12001K, capacity 13077K, committed 13096K, reserved 1048576K
Event: 8656.041 GC heap after
Heap after GC invocations=166 (full 21):
 PSYoungGen      total 78336K, used 7296K [0x00000000d6100000, 0x00000000db800000, 0x0000000100000000)
  eden space 70656K, 0% used [0x00000000d6100000,0x00000000d6100000,0x00000000da600000)
  from space 7680K, 95% used [0x00000000da700000,0x00000000dae20010,0x00000000dae80000)
  to   space 9216K, 0% used [0x00000000daf00000,0x00000000daf00000,0x00000000db800000)
 ParOldGen       total 144896K, used 71802K [0x0000000082200000, 0x000000008af80000, 0x00000000d6100000)
  object space 144896K, 49% used [0x0000000082200000,0x000000008681ebc8,0x000000008af80000)
 Metaspace       used 102767K, capacity 109228K, committed 109352K, reserved 1144832K
  class space    used 12001K, capacity 13077K, committed 13096K, reserved 1048576K
}
Event: 8660.190 GC heap before
{Heap before GC invocations=167 (full 21):
 PSYoungGen      total 78336K, used 77952K [0x00000000d6100000, 0x00000000db800000, 0x0000000100000000)
  eden space 70656K, 100% used [0x00000000d6100000,0x00000000da600000,0x00000000da600000)
  from space 7680K, 95% used [0x00000000da700000,0x00000000dae20010,0x00000000dae80000)
  to   space 9216K, 0% used [0x00000000daf00000,0x00000000daf00000,0x00000000db800000)
 ParOldGen       total 144896K, used 71802K [0x0000000082200000, 0x000000008af80000, 0x00000000d6100000)
  object space 144896K, 49% used [0x0000000082200000,0x000000008681ebc8,0x000000008af80000)
 Metaspace       used 102772K, capacity 109228K, committed 109352K, reserved 1144832K
  class space    used 12001K, capacity 13077K, committed 13096K, reserved 1048576K
Event: 8660.201 GC heap after
Heap after GC invocations=167 (full 21):
 PSYoungGen      total 77824K, used 7776K [0x00000000d6100000, 0x00000000db700000, 0x0000000100000000)
  eden space 69632K, 0% used [0x00000000d6100000,0x00000000d6100000,0x00000000da500000)
  from space 8192K, 94% used [0x00000000daf00000,0x00000000db698010,0x00000000db700000)
  to   space 9216K, 0% used [0x00000000da500000,0x00000000da500000,0x00000000dae00000)
 ParOldGen       total 144896K, used 71802K [0x0000000082200000, 0x000000008af80000, 0x00000000d6100000)
  object space 144896K, 49% used [0x0000000082200000,0x000000008681ebc8,0x000000008af80000)
 Metaspace       used 102772K, capacity 109228K, committed 109352K, reserved 1144832K
  class space    used 12001K, capacity 13077K, committed 13096K, reserved 1048576K
}
Event: 8668.510 GC heap before
{Heap before GC invocations=168 (full 21):
 PSYoungGen      total 77824K, used 77408K [0x00000000d6100000, 0x00000000db700000, 0x0000000100000000)
  eden space 69632K, 100% used [0x00000000d6100000,0x00000000da500000,0x00000000da500000)
  from space 8192K, 94% used [0x00000000daf00000,0x00000000db698010,0x00000000db700000)
  to   space 9216K, 0% used [0x00000000da500000,0x00000000da500000,0x00000000dae00000)
 ParOldGen       total 144896K, used 71802K [0x0000000082200000, 0x000000008af80000, 0x00000000d6100000)
  object space 144896K, 49% used [0x0000000082200000,0x000000008681ebc8,0x000000008af80000)
 Metaspace       used 102772K, capacity 109228K, committed 109352K, reserved 1144832K
  class space    used 12001K, capacity 13077K, committed 13096K, reserved 1048576K
Event: 8668.535 GC heap after
Heap after GC invocations=168 (full 21):
 PSYoungGen      total 76288K, used 7616K [0x00000000d6100000, 0x00000000db600000, 0x0000000100000000)
  eden space 68608K, 0% used [0x00000000d6100000,0x00000000d6100000,0x00000000da400000)
  from space 7680K, 99% used [0x00000000da500000,0x00000000dac70000,0x00000000dac80000)
  to   space 9216K, 0% used [0x00000000dad00000,0x00000000dad00000,0x00000000db600000)
 ParOldGen       total 144896K, used 72458K [0x0000000082200000, 0x000000008af80000, 0x00000000d6100000)
  object space 144896K, 50% used [0x0000000082200000,0x00000000868c2bd8,0x000000008af80000)
 Metaspace       used 102772K, capacity 109228K, committed 109352K, reserved 1144832K
  class space    used 12001K, capacity 13077K, committed 13096K, reserved 1048576K
}
Event: 8680.339 GC heap before
{Heap before GC invocations=169 (full 21):
 PSYoungGen      total 76288K, used 76224K [0x00000000d6100000, 0x00000000db600000, 0x0000000100000000)
  eden space 68608K, 100% used [0x00000000d6100000,0x00000000da400000,0x00000000da400000)
  from space 7680K, 99% used [0x00000000da500000,0x00000000dac70000,0x00000000dac80000)
  to   space 9216K, 0% used [0x00000000dad00000,0x00000000dad00000,0x00000000db600000)
 ParOldGen       total 144896K, used 72458K [0x0000000082200000, 0x000000008af80000, 0x00000000d6100000)
  object space 144896K, 50% used [0x0000000082200000,0x00000000868c2bd8,0x000000008af80000)
 Metaspace       used 102774K, capacity 109228K, committed 109352K, reserved 1144832K
  class space    used 12001K, capacity 13077K, committed 13096K, reserved 1048576K
Event: 8680.350 GC heap after
Heap after GC invocations=169 (full 21):
 PSYoungGen      total 75776K, used 7488K [0x00000000d6100000, 0x00000000db500000, 0x0000000100000000)
  eden space 67584K, 0% used [0x00000000d6100000,0x00000000d6100000,0x00000000da300000)
  from space 8192K, 91% used [0x00000000dad00000,0x00000000db450000,0x00000000db500000)
  to   space 9216K, 0% used [0x00000000da300000,0x00000000da300000,0x00000000dac00000)
 ParOldGen       total 144896K, used 72962K [0x0000000082200000, 0x000000008af80000, 0x00000000d6100000)
  object space 144896K, 50% used [0x0000000082200000,0x0000000086940bd8,0x000000008af80000)
 Metaspace       used 102774K, capacity 109228K, committed 109352K, reserved 1144832K
  class space    used 12001K, capacity 13077K, committed 13096K, reserved 1048576K
}
Event: 8686.790 GC heap before
{Heap before GC invocations=170 (full 21):
 PSYoungGen      total 75776K, used 75072K [0x00000000d6100000, 0x00000000db500000, 0x0000000100000000)
  eden space 67584K, 100% used [0x00000000d6100000,0x00000000da300000,0x00000000da300000)
  from space 8192K, 91% used [0x00000000dad00000,0x00000000db450000,0x00000000db500000)
  to   space 9216K, 0% used [0x00000000da300000,0x00000000da300000,0x00000000dac00000)
 ParOldGen       total 144896K, used 72962K [0x0000000082200000, 0x000000008af80000, 0x00000000d6100000)
  object space 144896K, 50% used [0x0000000082200000,0x0000000086940bd8,0x000000008af80000)
 Metaspace       used 102774K, capacity 109228K, committed 109352K, reserved 1144832K
  class space    used 12001K, capacity 13077K, committed 13096K, reserved 1048576K
Event: 8686.801 GC heap after
Heap after GC invocations=170 (full 21):
 PSYoungGen      total 74240K, used 7392K [0x00000000d6100000, 0x00000000db400000, 0x0000000100000000)
  eden space 66560K, 0% used [0x00000000d6100000,0x00000000d6100000,0x00000000da200000)
  from space 7680K, 96% used [0x00000000da300000,0x00000000daa38000,0x00000000daa80000)
  to   space 9216K, 0% used [0x00000000dab00000,0x00000000dab00000,0x00000000db400000)
 ParOldGen       total 144896K, used 73450K [0x0000000082200000, 0x000000008af80000, 0x00000000d6100000)
  object space 144896K, 50% used [0x0000000082200000,0x00000000869babd8,0x000000008af80000)
 Metaspace       used 102774K, capacity 109228K, committed 109352K, reserved 1144832K
  class space    used 12001K, capacity 13077K, committed 13096K, reserved 1048576K
}

